********************************************************************************
DUPLICATOR-LITE PACKAGE-LOG: 14 de August de 2018 22:59
NOTICE: Do NOT post to public sites or forums 
********************************************************************************
VERSION:	1.2.40
WORDPRESS:	4.9.7
PHP INFO:	7.2.1 | SAPI: apache2handler
SERVER:		Apache/2.2.31 (Win32) DAV/2 mod_ssl/2.2.31 OpenSSL/1.0.2h mod_fcgid/2.3.9 mod_wsgi/3.4 Python/2.7.6 PHP/7.2.1 mod_perl/2.0.8 Perl/v5.16.3 
PHP TIME LIMIT: (0) no time limit imposed 
PHP MAX MEMORY: 2048M (128M default) 
MEMORY STACK: 16MB 

********************************************************************************
DATABASE:
********************************************************************************
BUILD MODE:   PHP(query limit - 100)
MYSQLTIMEOUT: 5000
MYSQLDUMP:    Not Supported 
TABLES: total:24 | filtered:0 | create:24 
FILTERED: [] 
SQL CREATED: 20180814_estacaoclimatologicadoserido_79dafa3c4469471b6229180814225804_database.sql 
SQL FILE SIZE: 761.22KB (779489) 
SQL FILE TIME: 2018-08-14 22:59:20 
SQL RUNTIME: 0.36 sec. 

******************************************************************************** 
ARCHIVE (ZIP): 
******************************************************************************** 
ARCHIVE DIR:  C:/Users/Danyllo/Desktop/MAMP/htdocs/site 
ARCHIVE FILE: 20180814_estacaoclimatologicadoserido_79dafa3c4469471b6229180814225804_archive.zip 
FILTERS: *ON* 
DIRS:
	not set 
FILES:
	not set 
EXTS:  not set 
---------------------------------------- 
COMPRESSING 
SIZE:	76MB 
STATS:	Dirs 297 | Files 2,867 
SQL ADDED: 20180814_estacaoclimatologicadoserido_79dafa3c4469471b6229180814225804_database.sql 
ZipArchive Object
(
    [status] => 0
    [statusSys] => 0
    [numFiles] => 3164
    [filename] => C:\Users\Danyllo\Desktop\MAMP\htdocs\site\wp-snapshots\tmp\20180814_estacaoclimatologicadoserido_79dafa3c4469471b6229180814225804_archive.zip
    [comment] => 
)
 
COMPRESSION RESULT: '1' 
COMPRESSED SIZE: 42.46MB 
ARCHIVE RUNTIME: 114.38 sec. 
MEMORY STACK: 16MB 

******************************************************************************** 
MAKE INSTALLER: 
******************************************************************************** 
Build Start 
Build Finished 
Preping for use 
PACK SIZE:  
Template parsed with new data 
Complete [C:/Users/Danyllo/Desktop/MAMP/htdocs/site/wp-snapshots/tmp/20180814_estacaoclimatologicadoserido_79dafa3c4469471b6229180814225804_installer.php] 
Added to archive 

******************************************************************************** 
INTEGRITY CHECKS: 
******************************************************************************** 
SQL File: 761.22KB 
Installer File: 445.94KB 
Archive File: 42.46MB  

********************************************************************************
RECORD ID:[1]
TOTAL PROCESS RUNTIME: 124.34 sec.
PEAK PHP MEMORY USED: 18MB
DONE PROCESSING => 20180814_estacaoclimatologicadoserido 14 de August de 2018 23:01
 
